21:46:03.823 [Forwarding newSession on session null to remote] DEBUG io.netty.util.NetUtil - -Djava.net.preferIPv6Addresses: false
21:46:03.831 [Forwarding newSession on session null to remote] DEBUG io.netty.util.NetUtilInitializations - Loopback interface: lo (Software Loopback Interface 1, 127.0.0.1)
21:46:03.832 [Forwarding newSession on session null to remote] DEBUG io.netty.util.NetUtil - Failed to get SOMAXCONN from sysctl and file \proc\sys\net\core\somaxconn. Default: 200
21:46:03.853 [Forwarding newSession on session null to remote] DEBUG io.netty.channel.DefaultChannelId - -Dio.netty.machineId: 98:43:fa:ff:fe:4d:e5:3b (auto-detected)
21:46:03.895 [AsyncHttpClient-1-3] DEBUG io.netty.buffer.AbstractByteBuf - -Dio.netty.buffer.checkAccessible: true
21:46:03.895 [AsyncHttpClient-1-3] DEBUG io.netty.buffer.AbstractByteBuf - -Dio.netty.buffer.checkBounds: true
21:46:03.895 [AsyncHttpClient-1-3] DEBUG io.netty.util.ResourceLeakDetectorFactory - Loaded default ResourceLeakDetector: io.netty.util.ResourceLeakDetector@5311de26
21:46:03.921 [AsyncHttpClient-1-3] DEBUG io.netty.util.Recycler - -Dio.netty.recycler.maxCapacityPerThread: 4096
21:46:03.921 [AsyncHttpClient-1-3] DEBUG io.netty.util.Recycler - -Dio.netty.recycler.ratio: 8
21:46:03.921 [AsyncHttpClient-1-3] DEBUG io.netty.util.Recycler - -Dio.netty.recycler.chunkSize: 32
21:46:03.922 [AsyncHttpClient-1-3] DEBUG io.netty.util.Recycler - -Dio.netty.recycler.blocking: false
21:46:04.420 [AsyncHttpClient-1-2] DEBUG io.netty.handler.codec.compression.Brotli - brotli4j not in the classpath; Brotli support will be unavailable.
21:46:04.512 [TestNG-tests-2] DEBUG io.netty.util.internal.ThreadLocalRandom - -Dio.netty.initialSeedUniquifier: 0xaec15675d69b8325
21:46:05.714 [TestNG-tests-2] DEBUG Frameworks.BlazeDemoLoginTest - Driver is Initialized
21:46:05.820 [TestNG-tests-1] DEBUG Frameworks.BlazeDemoTest - Driver is Initialized
21:46:06.336 [TestNG-tests-1] DEBUG blazedemoUtils.BlazedemoUtilities - Selected Departure Dropdown City
21:46:06.395 [TestNG-tests-1] DEBUG blazedemoUtils.BlazedemoUtilities - Selected Destination Dropdown City
21:46:07.664 [TestNG-tests-1] DEBUG Frameworks.BlazeDemoTest - Selected Departure Dropdown City
21:46:07.732 [TestNG-tests-1] DEBUG Frameworks.BlazeDemoTest - Selected Destination Dropdown City
21:46:08.215 [TestNG-tests-1] INFO  Frameworks.BlazeDemoTest - Test Case Passed
21:46:08.919 [TestNG-tests-2] INFO  Frameworks.BlazeDemoLoginTest - Test Case Passed
21:46:16.615 [TestNG-tests-2] INFO  Frameworks.BlazeDemoLoginTest - Test Case Passed
